2012-01-04 18:15:45 Error: [MissingControllerException] Controller class PostsController could not be found.
#0 /var/www/cakephp/app/webroot/index.php(96): Dispatcher->dispatch(Object(CakeRequest), Object(CakeResponse))
#1 {main}
2012-01-04 18:16:52 Error: [MissingTableException] Database table posts for model Post was not found.
#0 /var/www/cakephp/lib/Cake/Model/Model.php(3258): Model->setSource('posts')
#1 /var/www/cakephp/lib/Cake/Model/Model.php(2483): Model->getDataSource()
#2 /var/www/cakephp/app/Controller/posts_controller.php(7): Model->find('all')
#3 [internal function]: PostsController->index()
#4 /var/www/cakephp/lib/Cake/Controller/Controller.php(473): ReflectionMethod->invokeArgs(Object(PostsController), Array)
#5 /var/www/cakephp/lib/Cake/Routing/Dispatcher.php(104): Controller->invokeAction(Object(CakeRequest))
#6 /var/www/cakephp/lib/Cake/Routing/Dispatcher.php(86): Dispatcher->_invoke(Object(PostsController), Object(CakeRequest), Object(CakeResponse))
#7 /var/www/cakephp/app/webroot/index.php(96): Dispatcher->dispatch(Object(CakeRequest), Object(CakeResponse))
#8 {main}
2012-01-04 18:17:13 Error: [MissingViewException] View file "/var/www/cakephp/app/View/Posts/index.ctp" is missing.
#0 /var/www/cakephp/lib/Cake/View/View.php(360): View->_getViewFileName(NULL)
#1 /var/www/cakephp/lib/Cake/Controller/Controller.php(900): View->render(NULL, NULL)
#2 /var/www/cakephp/lib/Cake/Routing/Dispatcher.php(111): Controller->render()
#3 /var/www/cakephp/lib/Cake/Routing/Dispatcher.php(86): Dispatcher->_invoke(Object(PostsController), Object(CakeRequest), Object(CakeResponse))
#4 /var/www/cakephp/app/webroot/index.php(96): Dispatcher->dispatch(Object(CakeRequest), Object(CakeResponse))
#5 {main}
2012-01-04 18:21:44 Error: [MissingViewException] View file "/var/www/cakephp/app/View/Posts/index.ctp" is missing.
#0 /var/www/cakephp/lib/Cake/View/View.php(360): View->_getViewFileName(NULL)
#1 /var/www/cakephp/lib/Cake/Controller/Controller.php(900): View->render(NULL, NULL)
#2 /var/www/cakephp/lib/Cake/Routing/Dispatcher.php(111): Controller->render()
#3 /var/www/cakephp/lib/Cake/Routing/Dispatcher.php(86): Dispatcher->_invoke(Object(PostsController), Object(CakeRequest), Object(CakeResponse))
#4 /var/www/cakephp/app/webroot/index.php(96): Dispatcher->dispatch(Object(CakeRequest), Object(CakeResponse))
#5 {main}
2012-01-05 17:34:49 Error: [MissingTableException] Database table profiles for model Profile was not found.
#0 /var/www/cakephp/lib/Cake/Model/Model.php(3258): Model->setSource('profiles')
#1 /var/www/cakephp/lib/Cake/Model/Model.php(2483): Model->getDataSource()
#2 /var/www/cakephp/app/Controller/profile_controller.php(7): Model->find('all')
#3 [internal function]: ProfileController->index()
#4 /var/www/cakephp/lib/Cake/Controller/Controller.php(473): ReflectionMethod->invokeArgs(Object(ProfileController), Array)
#5 /var/www/cakephp/lib/Cake/Routing/Dispatcher.php(104): Controller->invokeAction(Object(CakeRequest))
#6 /var/www/cakephp/lib/Cake/Routing/Dispatcher.php(86): Dispatcher->_invoke(Object(ProfileController), Object(CakeRequest), Object(CakeResponse))
#7 /var/www/cakephp/app/webroot/index.php(96): Dispatcher->dispatch(Object(CakeRequest), Object(CakeResponse))
#8 {main}
2012-01-05 17:47:43 Error: [MissingTableException] Database table profiles for model Profile was not found.
#0 /var/www/cakephp/lib/Cake/Model/Model.php(3258): Model->setSource('profiles')
#1 /var/www/cakephp/lib/Cake/Model/Model.php(2483): Model->getDataSource()
#2 /var/www/cakephp/app/Controller/profile_controller.php(7): Model->find('all')
#3 [internal function]: ProfileController->index()
#4 /var/www/cakephp/lib/Cake/Controller/Controller.php(473): ReflectionMethod->invokeArgs(Object(ProfileController), Array)
#5 /var/www/cakephp/lib/Cake/Routing/Dispatcher.php(104): Controller->invokeAction(Object(CakeRequest))
#6 /var/www/cakephp/lib/Cake/Routing/Dispatcher.php(86): Dispatcher->_invoke(Object(ProfileController), Object(CakeRequest), Object(CakeResponse))
#7 /var/www/cakephp/app/webroot/index.php(96): Dispatcher->dispatch(Object(CakeRequest), Object(CakeResponse))
#8 {main}
2012-01-05 17:47:45 Error: [MissingTableException] Database table profiles for model Profile was not found.
#0 /var/www/cakephp/lib/Cake/Model/Model.php(3258): Model->setSource('profiles')
#1 /var/www/cakephp/lib/Cake/Model/Model.php(2483): Model->getDataSource()
#2 /var/www/cakephp/app/Controller/profile_controller.php(7): Model->find('all')
#3 [internal function]: ProfileController->index()
#4 /var/www/cakephp/lib/Cake/Controller/Controller.php(473): ReflectionMethod->invokeArgs(Object(ProfileController), Array)
#5 /var/www/cakephp/lib/Cake/Routing/Dispatcher.php(104): Controller->invokeAction(Object(CakeRequest))
#6 /var/www/cakephp/lib/Cake/Routing/Dispatcher.php(86): Dispatcher->_invoke(Object(ProfileController), Object(CakeRequest), Object(CakeResponse))
#7 /var/www/cakephp/app/webroot/index.php(96): Dispatcher->dispatch(Object(CakeRequest), Object(CakeResponse))
#8 {main}
